<?xml version="1.0" encoding="UTF-8"?>
<testsuite xmlns:xsi="http://www.w3.org/2001/XMLSchema-instance" xsi:noNamespaceSchemaLocation="https://maven.apache.org/surefire/maven-surefire-plugin/xsd/surefire-test-report.xsd" name="ga.ndss.AppTest" time="0.035" tests="1" errors="0" skipped="0" failures="0">
  <properties>
    <property name="sun.desktop" value="windows"/>
    <property name="awt.toolkit" value="sun.awt.windows.WToolkit"/>
    <property name="file.encoding.pkg" value="sun.io"/>
    <property name="java.specification.version" value="1.8"/>
    <property name="sun.cpu.isalist" value="amd64"/>
    <property name="sun.jnu.encoding" value="MS949"/>
    <property name="java.class.path" value="C:\Users\sanso\Desktop\ITlocal\Enneagram\BigDataAnalyzing\webCrawling\target\test-classes;C:\Users\sanso\Desktop\ITlocal\Enneagram\BigDataAnalyzing\webCrawling\target\classes;C:\Users\sanso\.m2\repository\junit\junit\4.11\junit-4.11.jar;C:\Users\sanso\.m2\repository\org\hamcrest\hamcrest-core\1.3\hamcrest-core-1.3.jar;C:\Users\sanso\.m2\repository\org\apache\httpcomponents\httpclient\4.5.3\httpclient-4.5.3.jar;C:\Users\sanso\.m2\repository\org\apache\httpcomponents\httpcore\4.4.6\httpcore-4.4.6.jar;C:\Users\sanso\.m2\repository\commons-logging\commons-logging\1.2\commons-logging-1.2.jar;C:\Users\sanso\.m2\repository\commons-codec\commons-codec\1.9\commons-codec-1.9.jar;C:\Users\sanso\.m2\repository\edu\uci\ics\crawler4j\4.4.0\crawler4j-4.4.0.jar;C:\Users\sanso\.m2\repository\org\slf4j\slf4j-api\1.7.22\slf4j-api-1.7.22.jar;C:\Users\sanso\.m2\repository\ch\qos\logback\logback-classic\1.1.7\logback-classic-1.1.7.jar;C:\Users\sanso\.m2\repository\ch\qos\logback\logback-core\1.1.7\logback-core-1.1.7.jar;C:\Users\sanso\.m2\repository\com\google\guava\guava\24.0-jre\guava-24.0-jre.jar;C:\Users\sanso\.m2\repository\org\checkerframework\checker-compat-qual\2.0.0\checker-compat-qual-2.0.0.jar;C:\Users\sanso\.m2\repository\com\google\errorprone\error_prone_annotations\2.1.3\error_prone_annotations-2.1.3.jar;C:\Users\sanso\.m2\repository\com\google\j2objc\j2objc-annotations\1.1\j2objc-annotations-1.1.jar;C:\Users\sanso\.m2\repository\org\codehaus\mojo\animal-sniffer-annotations\1.14\animal-sniffer-annotations-1.14.jar;C:\Users\sanso\.m2\repository\com\sleepycat\je\5.0.84\je-5.0.84.jar;C:\Users\sanso\.m2\repository\org\apache\tika\tika-parsers\1.16\tika-parsers-1.16.jar;C:\Users\sanso\.m2\repository\org\apache\tika\tika-core\1.16\tika-core-1.16.jar;C:\Users\sanso\.m2\repository\org\apache\james\apache-mime4j-core\0.8.1\apache-mime4j-core-0.8.1.jar;C:\Users\sanso\.m2\repository\org\apache\james\apache-mime4j-dom\0.8.1\apache-mime4j-dom-0.8.1.jar;C:\Users\sanso\.m2\repository\org\ccil\cowan\tagsoup\tagsoup\1.2.1\tagsoup-1.2.1.jar;C:\Users\sanso\.m2\repository\org\slf4j\jul-to-slf4j\1.7.24\jul-to-slf4j-1.7.24.jar;C:\Users\sanso\.m2\repository\org\slf4j\jcl-over-slf4j\1.7.24\jcl-over-slf4j-1.7.24.jar;C:\Users\sanso\.m2\repository\org\apache\hive\hive-jdbc\1.1.0-cdh5.15.0\hive-jdbc-1.1.0-cdh5.15.0.jar;C:\Users\sanso\.m2\repository\org\apache\hive\hive-common\1.1.0-cdh5.15.0\hive-common-1.1.0-cdh5.15.0.jar;C:\Users\sanso\.m2\repository\org\apache\hive\hive-classification\1.1.0-cdh5.15.0\hive-classification-1.1.0-cdh5.15.0.jar;C:\Users\sanso\.m2\repository\org\apache\commons\commons-lang3\3.1\commons-lang3-3.1.jar;C:\Users\sanso\.m2\repository\org\eclipse\jetty\aggregate\jetty-all\7.6.0.v20120127\jetty-all-7.6.0.v20120127.jar;C:\Users\sanso\.m2\repository\org\apache\geronimo\specs\geronimo-jta_1.1_spec\1.1.1\geronimo-jta_1.1_spec-1.1.1.jar;C:\Users\sanso\.m2\repository\javax\mail\mail\1.4.1\mail-1.4.1.jar;C:\Users\sanso\.m2\repository\javax\activation\activation\1.1\activation-1.1.jar;C:\Users\sanso\.m2\repository\org\apache\geronimo\specs\geronimo-jaspic_1.0_spec\1.0\geronimo-jaspic_1.0_spec-1.0.jar;C:\Users\sanso\.m2\repository\org\apache\geronimo\specs\geronimo-annotation_1.0_spec\1.1.1\geronimo-annotation_1.0_spec-1.1.1.jar;C:\Users\sanso\.m2\repository\asm\asm-commons\3.1\asm-commons-3.1.jar;C:\Users\sanso\.m2\repository\asm\asm-tree\3.1\asm-tree-3.1.jar;C:\Users\sanso\.m2\repository\joda-time\joda-time\2.8.1\joda-time-2.8.1.jar;C:\Users\sanso\.m2\repository\com\codahale\metrics\metrics-core\3.0.2\metrics-core-3.0.2.jar;C:\Users\sanso\.m2\repository\com\codahale\metrics\metrics-jvm\3.0.2\metrics-jvm-3.0.2.jar;C:\Users\sanso\.m2\repository\com\codahale\metrics\metrics-json\3.0.2\metrics-json-3.0.2.jar;C:\Users\sanso\.m2\repository\com\fasterxml\jackson\core\jackson-databind\2.2.2\jackson-databind-2.2.2.jar;C:\Users\sanso\.m2\repository\com\fasterxml\jackson\core\jackson-annotations\2.2.2\jackson-annotations-2.2.2.jar;C:\Users\sanso\.m2\repository\com\fasterxml\jackson\core\jackson-core\2.2.2\jackson-core-2.2.2.jar;C:\Users\sanso\.m2\repository\org\apache\hive\hive-service\1.1.0-cdh5.15.0\hive-service-1.1.0-cdh5.15.0.jar;C:\Users\sanso\.m2\repository\net\sf\jpam\jpam\1.1\jpam-1.1.jar;C:\Users\sanso\.m2\repository\org\jamon\jamon-runtime\2.3.1\jamon-runtime-2.3.1.jar;C:\Users\sanso\.m2\repository\org\apache\hive\hive-serde\1.1.0-cdh5.15.0\hive-serde-1.1.0-cdh5.15.0.jar;C:\Users\sanso\.m2\repository\net\sf\opencsv\opencsv\2.3\opencsv-2.3.jar;C:\Users\sanso\.m2\repository\com\twitter\parquet-hadoop-bundle\1.5.0-cdh5.15.0\parquet-hadoop-bundle-1.5.0-cdh5.15.0.jar;C:\Users\sanso\.m2\repository\com\sun\jersey\jersey-servlet\1.14\jersey-servlet-1.14.jar;C:\Users\sanso\.m2\repository\org\apache\hive\hive-metastore\1.1.0-cdh5.15.0\hive-metastore-1.1.0-cdh5.15.0.jar;C:\Users\sanso\.m2\repository\com\jolbox\bonecp\0.8.0.RELEASE\bonecp-0.8.0.RELEASE.jar;C:\Users\sanso\.m2\repository\org\apache\derby\derby\10.11.1.1\derby-10.11.1.1.jar;C:\Users\sanso\.m2\repository\org\datanucleus\datanucleus-api-jdo\3.2.6\datanucleus-api-jdo-3.2.6.jar;C:\Users\sanso\.m2\repository\org\datanucleus\datanucleus-rdbms\3.2.9\datanucleus-rdbms-3.2.9.jar;C:\Users\sanso\.m2\repository\commons-pool\commons-pool\1.5.4\commons-pool-1.5.4.jar;C:\Users\sanso\.m2\repository\commons-dbcp\commons-dbcp\1.4\commons-dbcp-1.4.jar;C:\Users\sanso\.m2\repository\javax\jdo\jdo-api\3.0.1\jdo-api-3.0.1.jar;C:\Users\sanso\.m2\repository\javax\transaction\jta\1.1\jta-1.1.jar;C:\Users\sanso\.m2\repository\org\apache\hive\hive-shims\1.1.0-cdh5.15.0\hive-shims-1.1.0-cdh5.15.0.jar;C:\Users\sanso\.m2\repository\org\apache\hive\shims\hive-shims-common\1.1.0-cdh5.15.0\hive-shims-common-1.1.0-cdh5.15.0.jar;C:\Users\sanso\.m2\repository\org\apache\hive\shims\hive-shims-0.23\1.1.0-cdh5.15.0\hive-shims-0.23-1.1.0-cdh5.15.0.jar;C:\Users\sanso\.m2\repository\org\apache\hadoop\hadoop-yarn-server-resourcemanager\2.6.0-cdh5.15.0\hadoop-yarn-server-resourcemanager-2.6.0-cdh5.15.0.jar;C:\Users\sanso\.m2\repository\com\google\inject\extensions\guice-servlet\3.0\guice-servlet-3.0.jar;C:\Users\sanso\.m2\repository\com\google\inject\guice\3.0\guice-3.0.jar;C:\Users\sanso\.m2\repository\javax\inject\javax.inject\1\javax.inject-1.jar;C:\Users\sanso\.m2\repository\aopalliance\aopalliance\1.0\aopalliance-1.0.jar;C:\Users\sanso\.m2\repository\com\sun\jersey\contribs\jersey-guice\1.9\jersey-guice-1.9.jar;C:\Users\sanso\.m2\repository\org\apache\hadoop\hadoop-yarn-common\2.6.0-cdh5.15.0\hadoop-yarn-common-2.6.0-cdh5.15.0.jar;C:\Users\sanso\.m2\repository\org\apache\hadoop\hadoop-yarn-api\2.6.0-cdh5.15.0\hadoop-yarn-api-2.6.0-cdh5.15.0.jar;C:\Users\sanso\.m2\repository\com\sun\jersey\jersey-client\1.9\jersey-client-1.9.jar;C:\Users\sanso\.m2\repository\org\apache\hadoop\hadoop-yarn-server-common\2.6.0-cdh5.15.0\hadoop-yarn-server-common-2.6.0-cdh5.15.0.jar;C:\Users\sanso\.m2\repository\org\apache\hadoop\hadoop-yarn-server-applicationhistoryservice\2.6.0-cdh5.15.0\hadoop-yarn-server-applicationhistoryservice-2.6.0-cdh5.15.0.jar;C:\Users\sanso\.m2\repository\org\apache\hadoop\hadoop-yarn-server-web-proxy\2.6.0-cdh5.15.0\hadoop-yarn-server-web-proxy-2.6.0-cdh5.15.0.jar;C:\Users\sanso\.m2\repository\org\apache\hive\shims\hive-shims-scheduler\1.1.0-cdh5.15.0\hive-shims-scheduler-1.1.0-cdh5.15.0.jar;C:\Users\sanso\.m2\repository\org\mockito\mockito-all\1.9.5\mockito-all-1.9.5.jar;C:\Users\sanso\.m2\repository\org\apache\thrift\libthrift\0.9.3\libthrift-0.9.3.jar;C:\Users\sanso\.m2\repository\org\apache\zookeeper\zookeeper\3.4.5-cdh5.15.0\zookeeper-3.4.5-cdh5.15.0.jar;C:\Users\sanso\.m2\repository\org\apache\curator\curator-framework\2.6.0\curator-framework-2.6.0.jar;C:\Users\sanso\.m2\repository\org\slf4j\slf4j-log4j12\1.7.5\slf4j-log4j12-1.7.5.jar;C:\Users\sanso\.m2\repository\org\apache\hadoop\hadoop-core\2.6.0-mr1-cdh5.15.0\hadoop-core-2.6.0-mr1-cdh5.15.0.jar;C:\Users\sanso\.m2\repository\commons-cli\commons-cli\1.2\commons-cli-1.2.jar;C:\Users\sanso\.m2\repository\xmlenc\xmlenc\0.52\xmlenc-0.52.jar;C:\Users\sanso\.m2\repository\commons-httpclient\commons-httpclient\3.1\commons-httpclient-3.1.jar;C:\Users\sanso\.m2\repository\commons-net\commons-net\3.1\commons-net-3.1.jar;C:\Users\sanso\.m2\repository\org\mortbay\jetty\jetty\6.1.26.cloudera.4\jetty-6.1.26.cloudera.4.jar;C:\Users\sanso\.m2\repository\org\mortbay\jetty\jetty-util\6.1.26.cloudera.4\jetty-util-6.1.26.cloudera.4.jar;C:\Users\sanso\.m2\repository\tomcat\jasper-runtime\5.5.23\jasper-runtime-5.5.23.jar;C:\Users\sanso\.m2\repository\tomcat\jasper-compiler\5.5.23\jasper-compiler-5.5.23.jar;C:\Users\sanso\.m2\repository\org\codehaus\jackson\jackson-core-asl\1.8.8\jackson-core-asl-1.8.8.jar;C:\Users\sanso\.m2\repository\org\codehaus\jackson\jackson-mapper-asl\1.8.8\jackson-mapper-asl-1.8.8.jar;C:\Users\sanso\.m2\repository\javax\servlet\jsp\jsp-api\2.1\jsp-api-2.1.jar;C:\Users\sanso\.m2\repository\commons-el\commons-el\1.0\commons-el-1.0.jar;C:\Users\sanso\.m2\repository\net\java\dev\jets3t\jets3t\0.6.1\jets3t-0.6.1.jar;C:\Users\sanso\.m2\repository\javax\servlet\servlet-api\2.5\servlet-api-2.5.jar;C:\Users\sanso\.m2\repository\hsqldb\hsqldb\1.8.0.10\hsqldb-1.8.0.10.jar;C:\Users\sanso\.m2\repository\org\eclipse\jdt\core\3.1.1\core-3.1.1.jar;C:\Users\sanso\.m2\repository\org\apache\hadoop\hadoop-common\2.6.0-cdh5.15.0\hadoop-common-2.6.0-cdh5.15.0.jar;C:\Users\sanso\.m2\repository\org\apache\hadoop\hadoop-annotations\2.6.0-cdh5.15.0\hadoop-annotations-2.6.0-cdh5.15.0.jar;C:\Users\sanso\.m2\repository\org\apache\commons\commons-math3\3.1.1\commons-math3-3.1.1.jar;C:\Users\sanso\.m2\repository\commons-io\commons-io\2.4\commons-io-2.4.jar;C:\Users\sanso\.m2\repository\commons-collections\commons-collections\3.2.2\commons-collections-3.2.2.jar;C:\Users\sanso\.m2\repository\com\sun\jersey\jersey-core\1.9\jersey-core-1.9.jar;C:\Users\sanso\.m2\repository\com\sun\jersey\jersey-json\1.9\jersey-json-1.9.jar;C:\Users\sanso\.m2\repository\org\codehaus\jettison\jettison\1.1\jettison-1.1.jar;C:\Users\sanso\.m2\repository\com\sun\xml\bind\jaxb-impl\2.2.3-1\jaxb-impl-2.2.3-1.jar;C:\Users\sanso\.m2\repository\javax\xml\bind\jaxb-api\2.2.2\jaxb-api-2.2.2.jar;C:\Users\sanso\.m2\repository\javax\xml\stream\stax-api\1.0-2\stax-api-1.0-2.jar;C:\Users\sanso\.m2\repository\org\codehaus\jackson\jackson-jaxrs\1.8.3\jackson-jaxrs-1.8.3.jar;C:\Users\sanso\.m2\repository\org\codehaus\jackson\jackson-xc\1.8.3\jackson-xc-1.8.3.jar;C:\Users\sanso\.m2\repository\com\sun\jersey\jersey-server\1.9\jersey-server-1.9.jar;C:\Users\sanso\.m2\repository\asm\asm\3.1\asm-3.1.jar;C:\Users\sanso\.m2\repository\log4j\log4j\1.2.17\log4j-1.2.17.jar;C:\Users\sanso\.m2\repository\commons-lang\commons-lang\2.6\commons-lang-2.6.jar;C:\Users\sanso\.m2\repository\commons-configuration\commons-configuration\1.6\commons-configuration-1.6.jar;C:\Users\sanso\.m2\repository\commons-digester\commons-digester\1.8\commons-digester-1.8.jar;C:\Users\sanso\.m2\repository\commons-beanutils\commons-beanutils\1.7.0\commons-beanutils-1.7.0.jar;C:\Users\sanso\.m2\repository\commons-beanutils\commons-beanutils-core\1.8.0\commons-beanutils-core-1.8.0.jar;C:\Users\sanso\.m2\repository\org\apache\avro\avro\1.7.6-cdh5.15.0\avro-1.7.6-cdh5.15.0.jar;C:\Users\sanso\.m2\repository\com\thoughtworks\paranamer\paranamer\2.3\paranamer-2.3.jar;C:\Users\sanso\.m2\repository\org\xerial\snappy\snappy-java\1.0.4.1\snappy-java-1.0.4.1.jar;C:\Users\sanso\.m2\repository\com\google\protobuf\protobuf-java\2.5.0\protobuf-java-2.5.0.jar;C:\Users\sanso\.m2\repository\com\google\code\gson\gson\2.2.4\gson-2.2.4.jar;C:\Users\sanso\.m2\repository\org\apache\hadoop\hadoop-auth\2.6.0-cdh5.15.0\hadoop-auth-2.6.0-cdh5.15.0.jar;C:\Users\sanso\.m2\repository\org\apache\directory\server\apacheds-kerberos-codec\2.0.0-M15\apacheds-kerberos-codec-2.0.0-M15.jar;C:\Users\sanso\.m2\repository\org\apache\directory\server\apacheds-i18n\2.0.0-M15\apacheds-i18n-2.0.0-M15.jar;C:\Users\sanso\.m2\repository\org\apache\directory\api\api-asn1-api\1.0.0-M20\api-asn1-api-1.0.0-M20.jar;C:\Users\sanso\.m2\repository\org\apache\directory\api\api-util\1.0.0-M20\api-util-1.0.0-M20.jar;C:\Users\sanso\.m2\repository\com\jcraft\jsch\0.1.42\jsch-0.1.42.jar;C:\Users\sanso\.m2\repository\org\apache\curator\curator-client\2.7.1\curator-client-2.7.1.jar;C:\Users\sanso\.m2\repository\org\apache\curator\curator-recipes\2.7.1\curator-recipes-2.7.1.jar;C:\Users\sanso\.m2\repository\com\google\code\findbugs\jsr305\3.0.0\jsr305-3.0.0.jar;C:\Users\sanso\.m2\repository\org\apache\htrace\htrace-core4\4.0.1-incubating\htrace-core4-4.0.1-incubating.jar;C:\Users\sanso\.m2\repository\org\apache\commons\commons-compress\1.4.1\commons-compress-1.4.1.jar;C:\Users\sanso\.m2\repository\org\tukaani\xz\1.0\xz-1.0.jar;C:\Users\sanso\.m2\repository\org\apache\hive\hive-exec\1.1.0-cdh5.15.0\hive-exec-1.1.0-cdh5.15.0.jar;C:\Users\sanso\.m2\repository\org\apache\hive\hive-ant\1.1.0-cdh5.15.0\hive-ant-1.1.0-cdh5.15.0.jar;C:\Users\sanso\.m2\repository\org\apache\velocity\velocity\1.5\velocity-1.5.jar;C:\Users\sanso\.m2\repository\oro\oro\2.0.8\oro-2.0.8.jar;C:\Users\sanso\.m2\repository\org\cloudera\logredactor\logredactor\1.0.3\logredactor-1.0.3.jar;C:\Users\sanso\.m2\repository\log4j\apache-log4j-extras\1.2.17\apache-log4j-extras-1.2.17.jar;C:\Users\sanso\.m2\repository\org\antlr\antlr-runtime\3.4\antlr-runtime-3.4.jar;C:\Users\sanso\.m2\repository\org\antlr\stringtemplate\3.2.1\stringtemplate-3.2.1.jar;C:\Users\sanso\.m2\repository\antlr\antlr\2.7.7\antlr-2.7.7.jar;C:\Users\sanso\.m2\repository\org\antlr\ST4\4.0.4\ST4-4.0.4.jar;C:\Users\sanso\.m2\repository\org\apache\ant\ant\1.9.1\ant-1.9.1.jar;C:\Users\sanso\.m2\repository\org\apache\ant\ant-launcher\1.9.1\ant-launcher-1.9.1.jar;C:\Users\sanso\.m2\repository\org\apache\thrift\libfb303\0.9.3\libfb303-0.9.3.jar;C:\Users\sanso\.m2\repository\org\apache\ivy\ivy\2.4.0\ivy-2.4.0.jar;C:\Users\sanso\.m2\repository\org\codehaus\groovy\groovy-all\2.4.4\groovy-all-2.4.4.jar;C:\Users\sanso\.m2\repository\org\datanucleus\datanucleus-core\3.2.10\datanucleus-core-3.2.10.jar;C:\Users\sanso\.m2\repository\org\apache\calcite\calcite-core\1.0.0-incubating\calcite-core-1.0.0-incubating.jar;C:\Users\sanso\.m2\repository\org\apache\calcite\calcite-linq4j\1.0.0-incubating\calcite-linq4j-1.0.0-incubating.jar;C:\Users\sanso\.m2\repository\org\pentaho\pentaho-aggdesigner-algorithm\5.1.5-jhyde\pentaho-aggdesigner-algorithm-5.1.5-jhyde.jar;C:\Users\sanso\.m2\repository\eigenbase\eigenbase-properties\1.1.4\eigenbase-properties-1.1.4.jar;C:\Users\sanso\.m2\repository\org\codehaus\janino\janino\2.7.6\janino-2.7.6.jar;C:\Users\sanso\.m2\repository\org\codehaus\janino\commons-compiler\2.7.6\commons-compiler-2.7.6.jar;C:\Users\sanso\.m2\repository\org\apache\calcite\calcite-avatica\1.0.0-incubating\calcite-avatica-1.0.0-incubating.jar;C:\Users\sanso\.m2\repository\stax\stax-api\1.0.1\stax-api-1.0.1.jar;C:\Users\sanso\.m2\repository\jline\jline\2.12\jline-2.12.jar;C:\Users\sanso\.m2\repository\org\apache\hbase\hbase-common\1.2.0-cdh5.15.0\hbase-common-1.2.0-cdh5.15.0.jar;C:\Users\sanso\.m2\repository\org\apache\hbase\hbase-protocol\1.2.0-cdh5.15.0\hbase-protocol-1.2.0-cdh5.15.0.jar;C:\Users\sanso\.m2\repository\org\apache\hbase\hbase-annotations\1.2.0-cdh5.15.0\hbase-annotations-1.2.0-cdh5.15.0.jar;C:\Users\sanso\.m2\repository\org\apache\htrace\htrace-core\3.2.0-incubating\htrace-core-3.2.0-incubating.jar;C:\Users\sanso\.m2\repository\com\github\stephenc\findbugs\findbugs-annotations\1.3.9-1\findbugs-annotations-1.3.9-1.jar;C:\Users\sanso\.m2\repository\org\apache\hadoop\hadoop-hdfs\2.6.0-cdh5.15.0\hadoop-hdfs-2.6.0-cdh5.15.0.jar;C:\Users\sanso\.m2\repository\commons-daemon\commons-daemon\1.0.13\commons-daemon-1.0.13.jar;C:\Users\sanso\.m2\repository\io\netty\netty\3.10.5.Final\netty-3.10.5.Final.jar;C:\Users\sanso\.m2\repository\io\netty\netty-all\4.0.23.Final\netty-all-4.0.23.Final.jar;C:\Users\sanso\.m2\repository\xerces\xercesImpl\2.9.1\xercesImpl-2.9.1.jar;C:\Users\sanso\.m2\repository\xml-apis\xml-apis\1.3.04\xml-apis-1.3.04.jar;C:\Users\sanso\.m2\repository\org\fusesource\leveldbjni\leveldbjni-all\1.8\leveldbjni-all-1.8.jar;"/>
    <property name="java.vm.vendor" value="Oracle Corporation"/>
    <property name="sun.arch.data.model" value="64"/>
    <property name="user.variant" value=""/>
    <property name="java.vendor.url" value="http://java.oracle.com/"/>
    <property name="user.timezone" value=""/>
    <property name="java.vm.specification.version" value="1.8"/>
    <property name="os.name" value="Windows 10"/>
    <property name="user.country" value="KR"/>
    <property name="sun.java.launcher" value="SUN_STANDARD"/>
    <property name="sun.boot.library.path" value="C:\Program Files\Java\jdk1.8.0_181\jre\bin"/>
    <property name="sun.java.command" value="C:\Users\sanso\AppData\Local\Temp\surefire1881585619984321330\surefirebooter4815427200098622878.jar C:\Users\sanso\AppData\Local\Temp\surefire1881585619984321330 2018-11-19T11-23-20_997-jvmRun1 surefire1502687722424142817tmp surefire_02270683083049087875tmp"/>
    <property name="surefire.test.class.path" value="C:\Users\sanso\Desktop\ITlocal\Enneagram\BigDataAnalyzing\webCrawling\target\test-classes;C:\Users\sanso\Desktop\ITlocal\Enneagram\BigDataAnalyzing\webCrawling\target\classes;C:\Users\sanso\.m2\repository\junit\junit\4.11\junit-4.11.jar;C:\Users\sanso\.m2\repository\org\hamcrest\hamcrest-core\1.3\hamcrest-core-1.3.jar;C:\Users\sanso\.m2\repository\org\apache\httpcomponents\httpclient\4.5.3\httpclient-4.5.3.jar;C:\Users\sanso\.m2\repository\org\apache\httpcomponents\httpcore\4.4.6\httpcore-4.4.6.jar;C:\Users\sanso\.m2\repository\commons-logging\commons-logging\1.2\commons-logging-1.2.jar;C:\Users\sanso\.m2\repository\commons-codec\commons-codec\1.9\commons-codec-1.9.jar;C:\Users\sanso\.m2\repository\edu\uci\ics\crawler4j\4.4.0\crawler4j-4.4.0.jar;C:\Users\sanso\.m2\repository\org\slf4j\slf4j-api\1.7.22\slf4j-api-1.7.22.jar;C:\Users\sanso\.m2\repository\ch\qos\logback\logback-classic\1.1.7\logback-classic-1.1.7.jar;C:\Users\sanso\.m2\repository\ch\qos\logback\logback-core\1.1.7\logback-core-1.1.7.jar;C:\Users\sanso\.m2\repository\com\google\guava\guava\24.0-jre\guava-24.0-jre.jar;C:\Users\sanso\.m2\repository\org\checkerframework\checker-compat-qual\2.0.0\checker-compat-qual-2.0.0.jar;C:\Users\sanso\.m2\repository\com\google\errorprone\error_prone_annotations\2.1.3\error_prone_annotations-2.1.3.jar;C:\Users\sanso\.m2\repository\com\google\j2objc\j2objc-annotations\1.1\j2objc-annotations-1.1.jar;C:\Users\sanso\.m2\repository\org\codehaus\mojo\animal-sniffer-annotations\1.14\animal-sniffer-annotations-1.14.jar;C:\Users\sanso\.m2\repository\com\sleepycat\je\5.0.84\je-5.0.84.jar;C:\Users\sanso\.m2\repository\org\apache\tika\tika-parsers\1.16\tika-parsers-1.16.jar;C:\Users\sanso\.m2\repository\org\apache\tika\tika-core\1.16\tika-core-1.16.jar;C:\Users\sanso\.m2\repository\org\apache\james\apache-mime4j-core\0.8.1\apache-mime4j-core-0.8.1.jar;C:\Users\sanso\.m2\repository\org\apache\james\apache-mime4j-dom\0.8.1\apache-mime4j-dom-0.8.1.jar;C:\Users\sanso\.m2\repository\org\ccil\cowan\tagsoup\tagsoup\1.2.1\tagsoup-1.2.1.jar;C:\Users\sanso\.m2\repository\org\slf4j\jul-to-slf4j\1.7.24\jul-to-slf4j-1.7.24.jar;C:\Users\sanso\.m2\repository\org\slf4j\jcl-over-slf4j\1.7.24\jcl-over-slf4j-1.7.24.jar;C:\Users\sanso\.m2\repository\org\apache\hive\hive-jdbc\1.1.0-cdh5.15.0\hive-jdbc-1.1.0-cdh5.15.0.jar;C:\Users\sanso\.m2\repository\org\apache\hive\hive-common\1.1.0-cdh5.15.0\hive-common-1.1.0-cdh5.15.0.jar;C:\Users\sanso\.m2\repository\org\apache\hive\hive-classification\1.1.0-cdh5.15.0\hive-classification-1.1.0-cdh5.15.0.jar;C:\Users\sanso\.m2\repository\org\apache\commons\commons-lang3\3.1\commons-lang3-3.1.jar;C:\Users\sanso\.m2\repository\org\eclipse\jetty\aggregate\jetty-all\7.6.0.v20120127\jetty-all-7.6.0.v20120127.jar;C:\Users\sanso\.m2\repository\org\apache\geronimo\specs\geronimo-jta_1.1_spec\1.1.1\geronimo-jta_1.1_spec-1.1.1.jar;C:\Users\sanso\.m2\repository\javax\mail\mail\1.4.1\mail-1.4.1.jar;C:\Users\sanso\.m2\repository\javax\activation\activation\1.1\activation-1.1.jar;C:\Users\sanso\.m2\repository\org\apache\geronimo\specs\geronimo-jaspic_1.0_spec\1.0\geronimo-jaspic_1.0_spec-1.0.jar;C:\Users\sanso\.m2\repository\org\apache\geronimo\specs\geronimo-annotation_1.0_spec\1.1.1\geronimo-annotation_1.0_spec-1.1.1.jar;C:\Users\sanso\.m2\repository\asm\asm-commons\3.1\asm-commons-3.1.jar;C:\Users\sanso\.m2\repository\asm\asm-tree\3.1\asm-tree-3.1.jar;C:\Users\sanso\.m2\repository\joda-time\joda-time\2.8.1\joda-time-2.8.1.jar;C:\Users\sanso\.m2\repository\com\codahale\metrics\metrics-core\3.0.2\metrics-core-3.0.2.jar;C:\Users\sanso\.m2\repository\com\codahale\metrics\metrics-jvm\3.0.2\metrics-jvm-3.0.2.jar;C:\Users\sanso\.m2\repository\com\codahale\metrics\metrics-json\3.0.2\metrics-json-3.0.2.jar;C:\Users\sanso\.m2\repository\com\fasterxml\jackson\core\jackson-databind\2.2.2\jackson-databind-2.2.2.jar;C:\Users\sanso\.m2\repository\com\fasterxml\jackson\core\jackson-annotations\2.2.2\jackson-annotations-2.2.2.jar;C:\Users\sanso\.m2\repository\com\fasterxml\jackson\core\jackson-core\2.2.2\jackson-core-2.2.2.jar;C:\Users\sanso\.m2\repository\org\apache\hive\hive-service\1.1.0-cdh5.15.0\hive-service-1.1.0-cdh5.15.0.jar;C:\Users\sanso\.m2\repository\net\sf\jpam\jpam\1.1\jpam-1.1.jar;C:\Users\sanso\.m2\repository\org\jamon\jamon-runtime\2.3.1\jamon-runtime-2.3.1.jar;C:\Users\sanso\.m2\repository\org\apache\hive\hive-serde\1.1.0-cdh5.15.0\hive-serde-1.1.0-cdh5.15.0.jar;C:\Users\sanso\.m2\repository\net\sf\opencsv\opencsv\2.3\opencsv-2.3.jar;C:\Users\sanso\.m2\repository\com\twitter\parquet-hadoop-bundle\1.5.0-cdh5.15.0\parquet-hadoop-bundle-1.5.0-cdh5.15.0.jar;C:\Users\sanso\.m2\repository\com\sun\jersey\jersey-servlet\1.14\jersey-servlet-1.14.jar;C:\Users\sanso\.m2\repository\org\apache\hive\hive-metastore\1.1.0-cdh5.15.0\hive-metastore-1.1.0-cdh5.15.0.jar;C:\Users\sanso\.m2\repository\com\jolbox\bonecp\0.8.0.RELEASE\bonecp-0.8.0.RELEASE.jar;C:\Users\sanso\.m2\repository\org\apache\derby\derby\10.11.1.1\derby-10.11.1.1.jar;C:\Users\sanso\.m2\repository\org\datanucleus\datanucleus-api-jdo\3.2.6\datanucleus-api-jdo-3.2.6.jar;C:\Users\sanso\.m2\repository\org\datanucleus\datanucleus-rdbms\3.2.9\datanucleus-rdbms-3.2.9.jar;C:\Users\sanso\.m2\repository\commons-pool\commons-pool\1.5.4\commons-pool-1.5.4.jar;C:\Users\sanso\.m2\repository\commons-dbcp\commons-dbcp\1.4\commons-dbcp-1.4.jar;C:\Users\sanso\.m2\repository\javax\jdo\jdo-api\3.0.1\jdo-api-3.0.1.jar;C:\Users\sanso\.m2\repository\javax\transaction\jta\1.1\jta-1.1.jar;C:\Users\sanso\.m2\repository\org\apache\hive\hive-shims\1.1.0-cdh5.15.0\hive-shims-1.1.0-cdh5.15.0.jar;C:\Users\sanso\.m2\repository\org\apache\hive\shims\hive-shims-common\1.1.0-cdh5.15.0\hive-shims-common-1.1.0-cdh5.15.0.jar;C:\Users\sanso\.m2\repository\org\apache\hive\shims\hive-shims-0.23\1.1.0-cdh5.15.0\hive-shims-0.23-1.1.0-cdh5.15.0.jar;C:\Users\sanso\.m2\repository\org\apache\hadoop\hadoop-yarn-server-resourcemanager\2.6.0-cdh5.15.0\hadoop-yarn-server-resourcemanager-2.6.0-cdh5.15.0.jar;C:\Users\sanso\.m2\repository\com\google\inject\extensions\guice-servlet\3.0\guice-servlet-3.0.jar;C:\Users\sanso\.m2\repository\com\google\inject\guice\3.0\guice-3.0.jar;C:\Users\sanso\.m2\repository\javax\inject\javax.inject\1\javax.inject-1.jar;C:\Users\sanso\.m2\repository\aopalliance\aopalliance\1.0\aopalliance-1.0.jar;C:\Users\sanso\.m2\repository\com\sun\jersey\contribs\jersey-guice\1.9\jersey-guice-1.9.jar;C:\Users\sanso\.m2\repository\org\apache\hadoop\hadoop-yarn-common\2.6.0-cdh5.15.0\hadoop-yarn-common-2.6.0-cdh5.15.0.jar;C:\Users\sanso\.m2\repository\org\apache\hadoop\hadoop-yarn-api\2.6.0-cdh5.15.0\hadoop-yarn-api-2.6.0-cdh5.15.0.jar;C:\Users\sanso\.m2\repository\com\sun\jersey\jersey-client\1.9\jersey-client-1.9.jar;C:\Users\sanso\.m2\repository\org\apache\hadoop\hadoop-yarn-server-common\2.6.0-cdh5.15.0\hadoop-yarn-server-common-2.6.0-cdh5.15.0.jar;C:\Users\sanso\.m2\repository\org\apache\hadoop\hadoop-yarn-server-applicationhistoryservice\2.6.0-cdh5.15.0\hadoop-yarn-server-applicationhistoryservice-2.6.0-cdh5.15.0.jar;C:\Users\sanso\.m2\repository\org\apache\hadoop\hadoop-yarn-server-web-proxy\2.6.0-cdh5.15.0\hadoop-yarn-server-web-proxy-2.6.0-cdh5.15.0.jar;C:\Users\sanso\.m2\repository\org\apache\hive\shims\hive-shims-scheduler\1.1.0-cdh5.15.0\hive-shims-scheduler-1.1.0-cdh5.15.0.jar;C:\Users\sanso\.m2\repository\org\mockito\mockito-all\1.9.5\mockito-all-1.9.5.jar;C:\Users\sanso\.m2\repository\org\apache\thrift\libthrift\0.9.3\libthrift-0.9.3.jar;C:\Users\sanso\.m2\repository\org\apache\zookeeper\zookeeper\3.4.5-cdh5.15.0\zookeeper-3.4.5-cdh5.15.0.jar;C:\Users\sanso\.m2\repository\org\apache\curator\curator-framework\2.6.0\curator-framework-2.6.0.jar;C:\Users\sanso\.m2\repository\org\slf4j\slf4j-log4j12\1.7.5\slf4j-log4j12-1.7.5.jar;C:\Users\sanso\.m2\repository\org\apache\hadoop\hadoop-core\2.6.0-mr1-cdh5.15.0\hadoop-core-2.6.0-mr1-cdh5.15.0.jar;C:\Users\sanso\.m2\repository\commons-cli\commons-cli\1.2\commons-cli-1.2.jar;C:\Users\sanso\.m2\repository\xmlenc\xmlenc\0.52\xmlenc-0.52.jar;C:\Users\sanso\.m2\repository\commons-httpclient\commons-httpclient\3.1\commons-httpclient-3.1.jar;C:\Users\sanso\.m2\repository\commons-net\commons-net\3.1\commons-net-3.1.jar;C:\Users\sanso\.m2\repository\org\mortbay\jetty\jetty\6.1.26.cloudera.4\jetty-6.1.26.cloudera.4.jar;C:\Users\sanso\.m2\repository\org\mortbay\jetty\jetty-util\6.1.26.cloudera.4\jetty-util-6.1.26.cloudera.4.jar;C:\Users\sanso\.m2\repository\tomcat\jasper-runtime\5.5.23\jasper-runtime-5.5.23.jar;C:\Users\sanso\.m2\repository\tomcat\jasper-compiler\5.5.23\jasper-compiler-5.5.23.jar;C:\Users\sanso\.m2\repository\org\codehaus\jackson\jackson-core-asl\1.8.8\jackson-core-asl-1.8.8.jar;C:\Users\sanso\.m2\repository\org\codehaus\jackson\jackson-mapper-asl\1.8.8\jackson-mapper-asl-1.8.8.jar;C:\Users\sanso\.m2\repository\javax\servlet\jsp\jsp-api\2.1\jsp-api-2.1.jar;C:\Users\sanso\.m2\repository\commons-el\commons-el\1.0\commons-el-1.0.jar;C:\Users\sanso\.m2\repository\net\java\dev\jets3t\jets3t\0.6.1\jets3t-0.6.1.jar;C:\Users\sanso\.m2\repository\javax\servlet\servlet-api\2.5\servlet-api-2.5.jar;C:\Users\sanso\.m2\repository\hsqldb\hsqldb\1.8.0.10\hsqldb-1.8.0.10.jar;C:\Users\sanso\.m2\repository\org\eclipse\jdt\core\3.1.1\core-3.1.1.jar;C:\Users\sanso\.m2\repository\org\apache\hadoop\hadoop-common\2.6.0-cdh5.15.0\hadoop-common-2.6.0-cdh5.15.0.jar;C:\Users\sanso\.m2\repository\org\apache\hadoop\hadoop-annotations\2.6.0-cdh5.15.0\hadoop-annotations-2.6.0-cdh5.15.0.jar;C:\Users\sanso\.m2\repository\org\apache\commons\commons-math3\3.1.1\commons-math3-3.1.1.jar;C:\Users\sanso\.m2\repository\commons-io\commons-io\2.4\commons-io-2.4.jar;C:\Users\sanso\.m2\repository\commons-collections\commons-collections\3.2.2\commons-collections-3.2.2.jar;C:\Users\sanso\.m2\repository\com\sun\jersey\jersey-core\1.9\jersey-core-1.9.jar;C:\Users\sanso\.m2\repository\com\sun\jersey\jersey-json\1.9\jersey-json-1.9.jar;C:\Users\sanso\.m2\repository\org\codehaus\jettison\jettison\1.1\jettison-1.1.jar;C:\Users\sanso\.m2\repository\com\sun\xml\bind\jaxb-impl\2.2.3-1\jaxb-impl-2.2.3-1.jar;C:\Users\sanso\.m2\repository\javax\xml\bind\jaxb-api\2.2.2\jaxb-api-2.2.2.jar;C:\Users\sanso\.m2\repository\javax\xml\stream\stax-api\1.0-2\stax-api-1.0-2.jar;C:\Users\sanso\.m2\repository\org\codehaus\jackson\jackson-jaxrs\1.8.3\jackson-jaxrs-1.8.3.jar;C:\Users\sanso\.m2\repository\org\codehaus\jackson\jackson-xc\1.8.3\jackson-xc-1.8.3.jar;C:\Users\sanso\.m2\repository\com\sun\jersey\jersey-server\1.9\jersey-server-1.9.jar;C:\Users\sanso\.m2\repository\asm\asm\3.1\asm-3.1.jar;C:\Users\sanso\.m2\repository\log4j\log4j\1.2.17\log4j-1.2.17.jar;C:\Users\sanso\.m2\repository\commons-lang\commons-lang\2.6\commons-lang-2.6.jar;C:\Users\sanso\.m2\repository\commons-configuration\commons-configuration\1.6\commons-configuration-1.6.jar;C:\Users\sanso\.m2\repository\commons-digester\commons-digester\1.8\commons-digester-1.8.jar;C:\Users\sanso\.m2\repository\commons-beanutils\commons-beanutils\1.7.0\commons-beanutils-1.7.0.jar;C:\Users\sanso\.m2\repository\commons-beanutils\commons-beanutils-core\1.8.0\commons-beanutils-core-1.8.0.jar;C:\Users\sanso\.m2\repository\org\apache\avro\avro\1.7.6-cdh5.15.0\avro-1.7.6-cdh5.15.0.jar;C:\Users\sanso\.m2\repository\com\thoughtworks\paranamer\paranamer\2.3\paranamer-2.3.jar;C:\Users\sanso\.m2\repository\org\xerial\snappy\snappy-java\1.0.4.1\snappy-java-1.0.4.1.jar;C:\Users\sanso\.m2\repository\com\google\protobuf\protobuf-java\2.5.0\protobuf-java-2.5.0.jar;C:\Users\sanso\.m2\repository\com\google\code\gson\gson\2.2.4\gson-2.2.4.jar;C:\Users\sanso\.m2\repository\org\apache\hadoop\hadoop-auth\2.6.0-cdh5.15.0\hadoop-auth-2.6.0-cdh5.15.0.jar;C:\Users\sanso\.m2\repository\org\apache\directory\server\apacheds-kerberos-codec\2.0.0-M15\apacheds-kerberos-codec-2.0.0-M15.jar;C:\Users\sanso\.m2\repository\org\apache\directory\server\apacheds-i18n\2.0.0-M15\apacheds-i18n-2.0.0-M15.jar;C:\Users\sanso\.m2\repository\org\apache\directory\api\api-asn1-api\1.0.0-M20\api-asn1-api-1.0.0-M20.jar;C:\Users\sanso\.m2\repository\org\apache\directory\api\api-util\1.0.0-M20\api-util-1.0.0-M20.jar;C:\Users\sanso\.m2\repository\com\jcraft\jsch\0.1.42\jsch-0.1.42.jar;C:\Users\sanso\.m2\repository\org\apache\curator\curator-client\2.7.1\curator-client-2.7.1.jar;C:\Users\sanso\.m2\repository\org\apache\curator\curator-recipes\2.7.1\curator-recipes-2.7.1.jar;C:\Users\sanso\.m2\repository\com\google\code\findbugs\jsr305\3.0.0\jsr305-3.0.0.jar;C:\Users\sanso\.m2\repository\org\apache\htrace\htrace-core4\4.0.1-incubating\htrace-core4-4.0.1-incubating.jar;C:\Users\sanso\.m2\repository\org\apache\commons\commons-compress\1.4.1\commons-compress-1.4.1.jar;C:\Users\sanso\.m2\repository\org\tukaani\xz\1.0\xz-1.0.jar;C:\Users\sanso\.m2\repository\org\apache\hive\hive-exec\1.1.0-cdh5.15.0\hive-exec-1.1.0-cdh5.15.0.jar;C:\Users\sanso\.m2\repository\org\apache\hive\hive-ant\1.1.0-cdh5.15.0\hive-ant-1.1.0-cdh5.15.0.jar;C:\Users\sanso\.m2\repository\org\apache\velocity\velocity\1.5\velocity-1.5.jar;C:\Users\sanso\.m2\repository\oro\oro\2.0.8\oro-2.0.8.jar;C:\Users\sanso\.m2\repository\org\cloudera\logredactor\logredactor\1.0.3\logredactor-1.0.3.jar;C:\Users\sanso\.m2\repository\log4j\apache-log4j-extras\1.2.17\apache-log4j-extras-1.2.17.jar;C:\Users\sanso\.m2\repository\org\antlr\antlr-runtime\3.4\antlr-runtime-3.4.jar;C:\Users\sanso\.m2\repository\org\antlr\stringtemplate\3.2.1\stringtemplate-3.2.1.jar;C:\Users\sanso\.m2\repository\antlr\antlr\2.7.7\antlr-2.7.7.jar;C:\Users\sanso\.m2\repository\org\antlr\ST4\4.0.4\ST4-4.0.4.jar;C:\Users\sanso\.m2\repository\org\apache\ant\ant\1.9.1\ant-1.9.1.jar;C:\Users\sanso\.m2\repository\org\apache\ant\ant-launcher\1.9.1\ant-launcher-1.9.1.jar;C:\Users\sanso\.m2\repository\org\apache\thrift\libfb303\0.9.3\libfb303-0.9.3.jar;C:\Users\sanso\.m2\repository\org\apache\ivy\ivy\2.4.0\ivy-2.4.0.jar;C:\Users\sanso\.m2\repository\org\codehaus\groovy\groovy-all\2.4.4\groovy-all-2.4.4.jar;C:\Users\sanso\.m2\repository\org\datanucleus\datanucleus-core\3.2.10\datanucleus-core-3.2.10.jar;C:\Users\sanso\.m2\repository\org\apache\calcite\calcite-core\1.0.0-incubating\calcite-core-1.0.0-incubating.jar;C:\Users\sanso\.m2\repository\org\apache\calcite\calcite-linq4j\1.0.0-incubating\calcite-linq4j-1.0.0-incubating.jar;C:\Users\sanso\.m2\repository\org\pentaho\pentaho-aggdesigner-algorithm\5.1.5-jhyde\pentaho-aggdesigner-algorithm-5.1.5-jhyde.jar;C:\Users\sanso\.m2\repository\eigenbase\eigenbase-properties\1.1.4\eigenbase-properties-1.1.4.jar;C:\Users\sanso\.m2\repository\org\codehaus\janino\janino\2.7.6\janino-2.7.6.jar;C:\Users\sanso\.m2\repository\org\codehaus\janino\commons-compiler\2.7.6\commons-compiler-2.7.6.jar;C:\Users\sanso\.m2\repository\org\apache\calcite\calcite-avatica\1.0.0-incubating\calcite-avatica-1.0.0-incubating.jar;C:\Users\sanso\.m2\repository\stax\stax-api\1.0.1\stax-api-1.0.1.jar;C:\Users\sanso\.m2\repository\jline\jline\2.12\jline-2.12.jar;C:\Users\sanso\.m2\repository\org\apache\hbase\hbase-common\1.2.0-cdh5.15.0\hbase-common-1.2.0-cdh5.15.0.jar;C:\Users\sanso\.m2\repository\org\apache\hbase\hbase-protocol\1.2.0-cdh5.15.0\hbase-protocol-1.2.0-cdh5.15.0.jar;C:\Users\sanso\.m2\repository\org\apache\hbase\hbase-annotations\1.2.0-cdh5.15.0\hbase-annotations-1.2.0-cdh5.15.0.jar;C:\Users\sanso\.m2\repository\org\apache\htrace\htrace-core\3.2.0-incubating\htrace-core-3.2.0-incubating.jar;C:\Users\sanso\.m2\repository\com\github\stephenc\findbugs\findbugs-annotations\1.3.9-1\findbugs-annotations-1.3.9-1.jar;C:\Users\sanso\.m2\repository\org\apache\hadoop\hadoop-hdfs\2.6.0-cdh5.15.0\hadoop-hdfs-2.6.0-cdh5.15.0.jar;C:\Users\sanso\.m2\repository\commons-daemon\commons-daemon\1.0.13\commons-daemon-1.0.13.jar;C:\Users\sanso\.m2\repository\io\netty\netty\3.10.5.Final\netty-3.10.5.Final.jar;C:\Users\sanso\.m2\repository\io\netty\netty-all\4.0.23.Final\netty-all-4.0.23.Final.jar;C:\Users\sanso\.m2\repository\xerces\xercesImpl\2.9.1\xercesImpl-2.9.1.jar;C:\Users\sanso\.m2\repository\xml-apis\xml-apis\1.3.04\xml-apis-1.3.04.jar;C:\Users\sanso\.m2\repository\org\fusesource\leveldbjni\leveldbjni-all\1.8\leveldbjni-all-1.8.jar;"/>
    <property name="sun.cpu.endian" value="little"/>
    <property name="user.home" value="C:\Users\sanso"/>
    <property name="user.language" value="ko"/>
    <property name="java.specification.vendor" value="Oracle Corporation"/>
    <property name="java.home" value="C:\Program Files\Java\jdk1.8.0_181\jre"/>
    <property name="basedir" value="C:\Users\sanso\Desktop\ITlocal\Enneagram\BigDataAnalyzing\webCrawling"/>
    <property name="file.separator" value="\"/>
    <property name="line.separator" value="&#10;"/>
    <property name="java.vm.specification.vendor" value="Oracle Corporation"/>
    <property name="java.specification.name" value="Java Platform API Specification"/>
    <property name="java.awt.graphicsenv" value="sun.awt.Win32GraphicsEnvironment"/>
    <property name="surefire.real.class.path" value="C:\Users\sanso\AppData\Local\Temp\surefire1881585619984321330\surefirebooter4815427200098622878.jar"/>
    <property name="sun.boot.class.path" value="C:\Program Files\Java\jdk1.8.0_181\jre\lib\resources.jar;C:\Program Files\Java\jdk1.8.0_181\jre\lib\rt.jar;C:\Program Files\Java\jdk1.8.0_181\jre\lib\sunrsasign.jar;C:\Program Files\Java\jdk1.8.0_181\jre\lib\jsse.jar;C:\Program Files\Java\jdk1.8.0_181\jre\lib\jce.jar;C:\Program Files\Java\jdk1.8.0_181\jre\lib\charsets.jar;C:\Program Files\Java\jdk1.8.0_181\jre\lib\jfr.jar;C:\Program Files\Java\jdk1.8.0_181\jre\classes"/>
    <property name="user.script" value=""/>
    <property name="sun.management.compiler" value="HotSpot 64-Bit Tiered Compilers"/>
    <property name="java.runtime.version" value="1.8.0_181-b13"/>
    <property name="user.name" value="sanso"/>
    <property name="path.separator" value=";"/>
    <property name="os.version" value="10.0"/>
    <property name="java.endorsed.dirs" value="C:\Program Files\Java\jdk1.8.0_181\jre\lib\endorsed"/>
    <property name="java.runtime.name" value="Java(TM) SE Runtime Environment"/>
    <property name="file.encoding" value="MS949"/>
    <property name="java.vm.name" value="Java HotSpot(TM) 64-Bit Server VM"/>
    <property name="localRepository" value="C:\Users\sanso\.m2\repository"/>
    <property name="java.vendor.url.bug" value="http://bugreport.sun.com/bugreport/"/>
    <property name="java.io.tmpdir" value="C:\Users\sanso\AppData\Local\Temp\"/>
    <property name="java.version" value="1.8.0_181"/>
    <property name="user.dir" value="C:\Users\sanso\Desktop\ITlocal\Enneagram\BigDataAnalyzing\webCrawling"/>
    <property name="os.arch" value="amd64"/>
    <property name="java.vm.specification.name" value="Java Virtual Machine Specification"/>
    <property name="java.awt.printerjob" value="sun.awt.windows.WPrinterJob"/>
    <property name="sun.os.patch.level" value=""/>
    <property name="java.library.path" value="C:\Program Files\Java\jdk1.8.0_181\jre\bin;C:\WINDOWS\Sun\Java\bin;C:\WINDOWS\system32;C:\WINDOWS;C:\Users\sanso\bin;C:\Program Files\Git\mingw64\bin;C:\Program Files\Git\usr\local\bin;C:\Program Files\Git\usr\bin;C:\Program Files\Git\usr\bin;C:\Program Files\Git\mingw64\bin;C:\Program Files\Git\usr\bin;C:\Users\sanso\bin;C:\Program Files\NVIDIA GPU Computing Toolkit\CUDA\v8.0\bin;C:\Program Files\NVIDIA GPU Computing Toolkit\CUDA\v8.0\libnvvp;C:\Program Files (x86)\Common Files\Oracle\Java\javapath;C:\Program Files (x86)\Intel\iCLS Client;C:\Program Files\Intel\iCLS Client;C:\Windows\system32;C:\Windows;C:\Windows\System32\Wbem;C:\Windows\System32\WindowsPowerShell\v1.0;C:\Program Files (x86)\NVIDIA Corporation\PhysX\Common;C:\Program Files\dotnet;C:\Program Files\Microsoft SQL Server\130\Tools\Binn;C:\apache-maven-3.5.3-bin\apache-maven-3.5.3\bin;C:\Program Files\Java\jdk1.8.0_171\bin;C:\apache-maven-3.5.3-bin\apache-maven-3.5.3\bin;C:\Program Files (x86)\Intel\Intel(R) Management Engine Components\DAL;C:\Program Files\Intel\Intel(R) Management Engine Components\DAL;C:\Program Files (x86)\Intel\Intel(R) Management Engine Components\IPT;C:\Program Files\Intel\Intel(R) Management Engine Components\IPT;C:\cygwin64\bin;C:\cygwin64;C:\gradle-4.8.1\bin;C:\WINDOWS\system32;C:\WINDOWS;C:\WINDOWS\System32\Wbem;C:\WINDOWS\System32\WindowsPowerShell\v1.0;C:\WINDOWS\System32\OpenSSH;C:\Program Files\NVIDIA GPU Computing Toolkit\CUDA\v8.0\lib\x64;C:\Program Files\NVIDIA GPU Computing Toolkit\CUDA\v8.0\extras\CUPTI\libx64;C:\ProgramData\Anaconda3;C:\ProgramData\Anaconda3\Scripts;C:\ProgramData\chocolatey\bin;C:\Program Files\Java\jdk1.8.0_181\bin;C:\Android\android-sdk\tools;C:\Android\android-sdk\platform-tools;C:\Android\android-sdk\tools\bin;C:\Program Files\nodejs;C:\ProgramFiles\Genymobile\Genymotion\tools;C:\ProgramFiles\Genymobile\Genymotion;C:\mos;C:\Users\sanso\AppData\Local\Microsoft\WindowsApps;C:\Users\sanso\AppData\Roaming\npm;C:\Program Files\Git\usr\bin\vendor_perl;C:\Program Files\Git\usr\bin\core_perl;."/>
    <property name="java.vm.info" value="mixed mode"/>
    <property name="java.vendor" value="Oracle Corporation"/>
    <property name="java.vm.version" value="25.181-b13"/>
    <property name="java.ext.dirs" value="C:\Program Files\Java\jdk1.8.0_181\jre\lib\ext;C:\WINDOWS\Sun\Java\lib\ext"/>
    <property name="sun.io.unicode.encoding" value="UnicodeLittle"/>
    <property name="java.class.version" value="52.0"/>
  </properties>
  <testcase name="shouldAnswerWithTrue" classname="ga.ndss.AppTest" time="0.002"/>
</testsuite>